<?xml version="1.0" encoding="UTF-8"?>
<testsuite xmlns:xsi="http://www.w3.org/2001/XMLSchema-instance" xsi:noNamespaceSchemaLocation="https://maven.apache.org/surefire/maven-surefire-plugin/xsd/surefire-test-report-3.0.xsd" version="3.0" name="com.example.sunrisesunsetforecast.service.impl.MakeDailyHelperTest" time="0.27" tests="4" errors="0" skipped="0" failures="0">
  <properties>
[...]
</properties>
  <testcase name="getSunForecast_ShouldThrowException_WhenDailyDataIsNull" classname="com.example.sunrisesunsetforecast.service.impl.MakeDailyHelperTest" time="0.194">
    <system-out><![CDATA[2025-09-07 11:20:46 [main] INFO  c.e.s.s.impl.SunForecastServiceImpl - Fetching sun forecast for city: NoDataCity
2025-09-07 11:20:46 [main] INFO  c.e.s.s.impl.SunForecastServiceImpl - 1. About to call OpenMeteoClient.getSunForecast for city: NoDataCity
2025-09-07 11:20:46 [main] INFO  c.e.s.s.impl.SunForecastServiceImpl - 1.1. OpenMeteoClient class: com.example.sunrisesunsetforecast.client.OpenMeteoClient
2025-09-07 11:20:46 [main] INFO  c.e.s.s.impl.SunForecastServiceImpl - 1.2. Got coordinates for NoDataCity: 51.5074,-0.1278
2025-09-07 11:20:46 [main] INFO  c.e.s.s.impl.SunForecastServiceImpl - 2. Received forecast object: not null
2025-09-07 11:20:46 [main] INFO  c.e.s.s.impl.SunForecastServiceImpl - 4. Forecast class: com.example.sunrisesunsetforecast.client.dto.OpenMeteoResponse
2025-09-07 11:20:46 [main] INFO  c.e.s.s.impl.SunForecastServiceImpl - 5. Forecast toString(): OpenMeteoResponse(latitude=51.5074, longitude=-0.1278, daily=null)
2025-09-07 11:20:46 [main] INFO  c.e.s.s.impl.SunForecastServiceImpl - 6. Forecast latitude: 51.5074, longitude: -0.1278
2025-09-07 11:20:46 [main] INFO  c.e.s.s.impl.SunForecastServiceImpl - 7. Daily object: null
2025-09-07 11:20:46 [main] ERROR c.e.s.s.impl.SunForecastServiceImpl - 8. Daily forecast is null - check mock response in test
2025-09-07 11:20:46 [main] DEBUG c.e.s.s.impl.SunForecastServiceImpl - 9. Forecast object fields: [private double com.example.sunrisesunsetforecast.client.dto.OpenMeteoResponse.latitude, private double com.example.sunrisesunsetforecast.client.dto.OpenMeteoResponse.longitude, private com.example.sunrisesunsetforecast.client.dto.OpenMeteoResponse$Daily com.example.sunrisesunsetforecast.client.dto.OpenMeteoResponse.daily]
2025-09-07 11:20:46 [main] ERROR c.e.s.s.impl.SunForecastServiceImpl - Error fetching sun forecast for city: NoDataCity
com.example.sunrisesunsetforecast.exception.ExternalServiceException: No daily forecast data available
	at com.example.sunrisesunsetforecast.service.impl.SunForecastServiceImpl.getSunForecast(SunForecastServiceImpl.java:70)
	at com.example.sunrisesunsetforecast.service.impl.SunForecastServiceImplTest.lambda$getSunForecast_ShouldThrowException_WhenDailyDataIsNull$2(SunForecastServiceImplTest.java:193)
	at org.junit.jupiter.api.AssertThrows.assertThrows(AssertThrows.java:53)
	at org.junit.jupiter.api.AssertThrows.assertThrows(AssertThrows.java:35)
	at org.junit.jupiter.api.Assertions.assertThrows(Assertions.java:3083)
	at com.example.sunrisesunsetforecast.service.impl.SunForecastServiceImplTest.getSunForecast_ShouldThrowException_WhenDailyDataIsNull(SunForecastServiceImplTest.java:192)
	at java.base/jdk.internal.reflect.NativeMethodAccessorImpl.invoke0(Native Method)
	at java.base/jdk.internal.reflect.NativeMethodAccessorImpl.invoke(NativeMethodAccessorImpl.java:77)
	at java.base/jdk.internal.reflect.DelegatingMethodAccessorImpl.invoke(DelegatingMethodAccessorImpl.java:43)
	at java.base/java.lang.reflect.Method.invoke(Method.java:568)
	at org.junit.platform.commons.util.ReflectionUtils.invokeMethod(ReflectionUtils.java:727)
	at org.junit.jupiter.engine.execution.MethodInvocation.proceed(MethodInvocation.java:60)
	at org.junit.jupiter.engine.execution.InvocationInterceptorChain$ValidatingInvocation.proceed(InvocationInterceptorChain.java:131)
	at org.junit.jupiter.engine.extension.TimeoutExtension.intercept(TimeoutExtension.java:156)
	at org.junit.jupiter.engine.extension.TimeoutExtension.interceptTestableMethod(TimeoutExtension.java:147)
	at org.junit.jupiter.engine.extension.TimeoutExtension.interceptTestMethod(TimeoutExtension.java:86)
	at org.junit.jupiter.engine.execution.InterceptingExecutableInvoker$ReflectiveInterceptorCall.lambda$ofVoidMethod$0(InterceptingExecutableInvoker.java:103)
	at org.junit.jupiter.engine.execution.InterceptingExecutableInvoker.lambda$invoke$0(InterceptingExecutableInvoker.java:93)
	at org.junit.jupiter.engine.execution.InvocationInterceptorChain$InterceptedInvocation.proceed(InvocationInterceptorChain.java:106)
	at org.junit.jupiter.engine.execution.InvocationInterceptorChain.proceed(InvocationInterceptorChain.java:64)
	at org.junit.jupiter.engine.execution.InvocationInterceptorChain.chainAndInvoke(InvocationInterceptorChain.java:45)
	at org.junit.jupiter.engine.execution.InvocationInterceptorChain.invoke(InvocationInterceptorChain.java:37)
	at org.junit.jupiter.engine.execution.InterceptingExecutableInvoker.invoke(InterceptingExecutableInvoker.java:92)
	at org.junit.jupiter.engine.execution.InterceptingExecutableInvoker.invoke(InterceptingExecutableInvoker.java:86)
	at org.junit.jupiter.engine.descriptor.TestMethodTestDescriptor.lambda$invokeTestMethod$7(TestMethodTestDescriptor.java:217)
	at org.junit.platform.engine.support.hierarchical.ThrowableCollector.execute(ThrowableCollector.java:73)
	at org.junit.jupiter.engine.descriptor.TestMethodTestDescriptor.invokeTestMethod(TestMethodTestDescriptor.java:213)
	at org.junit.jupiter.engine.descriptor.TestMethodTestDescriptor.execute(TestMethodTestDescriptor.java:138)
	at org.junit.jupiter.engine.descriptor.TestMethodTestDescriptor.execute(TestMethodTestDescriptor.java:68)
	at org.junit.platform.engine.support.hierarchical.NodeTestTask.lambda$executeRecursively$6(NodeTestTask.java:151)
	at org.junit.platform.engine.support.hierarchical.ThrowableCollector.execute(ThrowableCollector.java:73)
	at org.junit.platform.engine.support.hierarchical.NodeTestTask.lambda$executeRecursively$8(NodeTestTask.java:141)
	at org.junit.platform.engine.support.hierarchical.Node.around(Node.java:137)
	at org.junit.platform.engine.support.hierarchical.NodeTestTask.lambda$executeRecursively$9(NodeTestTask.java:139)
	at org.junit.platform.engine.support.hierarchical.ThrowableCollector.execute(ThrowableCollector.java:73)
	at org.junit.platform.engine.support.hierarchical.NodeTestTask.executeRecursively(NodeTestTask.java:138)
	at org.junit.platform.engine.support.hierarchical.NodeTestTask.execute(NodeTestTask.java:95)
	at java.base/java.util.ArrayList.forEach(ArrayList.java:1511)
	at org.junit.platform.engine.support.hierarchical.SameThreadHierarchicalTestExecutorService.invokeAll(SameThreadHierarchicalTestExecutorService.java:41)
	at org.junit.platform.engine.support.hierarchical.NodeTestTask.lambda$executeRecursively$6(NodeTestTask.java:155)
	at org.junit.platform.engine.support.hierarchical.ThrowableCollector.execute(ThrowableCollector.java:73)
	at org.junit.platform.engine.support.hierarchical.NodeTestTask.lambda$executeRecursively$8(NodeTestTask.java:141)
	at org.junit.platform.engine.support.hierarchical.Node.around(Node.java:137)
	at org.junit.platform.engine.support.hierarchical.NodeTestTask.lambda$executeRecursively$9(NodeTestTask.java:139)
	at org.junit.platform.engine.support.hierarchical.ThrowableCollector.execute(ThrowableCollector.java:73)
	at org.junit.platform.engine.support.hierarchical.NodeTestTask.executeRecursively(NodeTestTask.java:138)
	at org.junit.platform.engine.support.hierarchical.NodeTestTask.execute(NodeTestTask.java:95)
	at java.base/java.util.ArrayList.forEach(ArrayList.java:1511)
	at org.junit.platform.engine.support.hierarchical.SameThreadHierarchicalTestExecutorService.invokeAll(SameThreadHierarchicalTestExecutorService.java:41)
	at org.junit.platform.engine.support.hierarchical.NodeTestTask.lambda$executeRecursively$6(NodeTestTask.java:155)
	at org.junit.platform.engine.support.hierarchical.ThrowableCollector.execute(ThrowableCollector.java:73)
	at org.junit.platform.engine.support.hierarchical.NodeTestTask.lambda$executeRecursively$8(NodeTestTask.java:141)
	at org.junit.platform.engine.support.hierarchical.Node.around(Node.java:137)
	at org.junit.platform.engine.support.hierarchical.NodeTestTask.lambda$executeRecursively$9(NodeTestTask.java:139)
	at org.junit.platform.engine.support.hierarchical.ThrowableCollector.execute(ThrowableCollector.java:73)
	at org.junit.platform.engine.support.hierarchical.NodeTestTask.executeRecursively(NodeTestTask.java:138)
	at org.junit.platform.engine.support.hierarchical.NodeTestTask.execute(NodeTestTask.java:95)
	at org.junit.platform.engine.support.hierarchical.SameThreadHierarchicalTestExecutorService.submit(SameThreadHierarchicalTestExecutorService.java:35)
	at org.junit.platform.engine.support.hierarchical.HierarchicalTestExecutor.execute(HierarchicalTestExecutor.java:57)
	at org.junit.platform.engine.support.hierarchical.HierarchicalTestEngine.execute(HierarchicalTestEngine.java:54)
	at org.junit.platform.launcher.core.EngineExecutionOrchestrator.execute(EngineExecutionOrchestrator.java:147)
	at org.junit.platform.launcher.core.EngineExecutionOrchestrator.execute(EngineExecutionOrchestrator.java:127)
	at org.junit.platform.launcher.core.EngineExecutionOrchestrator.execute(EngineExecutionOrchestrator.java:90)
	at org.junit.platform.launcher.core.EngineExecutionOrchestrator.lambda$execute$0(EngineExecutionOrchestrator.java:55)
	at org.junit.platform.launcher.core.EngineExecutionOrchestrator.withInterceptedStreams(EngineExecutionOrchestrator.java:102)
	at org.junit.platform.launcher.core.EngineExecutionOrchestrator.execute(EngineExecutionOrchestrator.java:54)
	at org.junit.platform.launcher.core.DefaultLauncher.execute(DefaultLauncher.java:114)
	at org.junit.platform.launcher.core.DefaultLauncher.execute(DefaultLauncher.java:86)
	at org.junit.platform.launcher.core.DefaultLauncherSession$DelegatingLauncher.execute(DefaultLauncherSession.java:86)
	at org.apache.maven.surefire.junitplatform.LazyLauncher.execute(LazyLauncher.java:50)
	at org.apache.maven.surefire.junitplatform.JUnitPlatformProvider.execute(JUnitPlatformProvider.java:184)
	at org.apache.maven.surefire.junitplatform.JUnitPlatformProvider.invokeAllTests(JUnitPlatformProvider.java:148)
	at org.apache.maven.surefire.junitplatform.JUnitPlatformProvider.invoke(JUnitPlatformProvider.java:122)
	at org.apache.maven.surefire.booter.ForkedBooter.runSuitesInProcess(ForkedBooter.java:385)
	at org.apache.maven.surefire.booter.ForkedBooter.execute(ForkedBooter.java:162)
	at org.apache.maven.surefire.booter.ForkedBooter.run(ForkedBooter.java:507)
	at org.apache.maven.surefire.booter.ForkedBooter.main(ForkedBooter.java:495)
]]></system-out>
  </testcase>
  <testcase name="getSunForecast_ShouldThrowException_WhenResponseIsNull" classname="com.example.sunrisesunsetforecast.service.impl.MakeDailyHelperTest" time="0.017">
    <system-out><![CDATA[2025-09-07 11:20:46 [main] INFO  c.e.s.s.impl.SunForecastServiceImpl - Fetching sun forecast for city: InvalidCity
2025-09-07 11:20:46 [main] INFO  c.e.s.s.impl.SunForecastServiceImpl - 1. About to call OpenMeteoClient.getSunForecast for city: InvalidCity
2025-09-07 11:20:46 [main] INFO  c.e.s.s.impl.SunForecastServiceImpl - 1.1. OpenMeteoClient class: com.example.sunrisesunsetforecast.client.OpenMeteoClient
2025-09-07 11:20:46 [main] INFO  c.e.s.s.impl.SunForecastServiceImpl - 1.2. Got coordinates for InvalidCity: 51.5074,-0.1278
2025-09-07 11:20:46 [main] INFO  c.e.s.s.impl.SunForecastServiceImpl - 2. Received forecast object: null
2025-09-07 11:20:46 [main] ERROR c.e.s.s.impl.SunForecastServiceImpl - 3. Forecast is null - no data returned from client for city: InvalidCity
2025-09-07 11:20:46 [main] ERROR c.e.s.s.impl.SunForecastServiceImpl - 3.1. OpenMeteoClient instance: openMeteoClient
2025-09-07 11:20:46 [main] ERROR c.e.s.s.impl.SunForecastServiceImpl - 3.2. Geocoding service returned: Coordinates(latitude=51.5074, longitude=-0.1278)
2025-09-07 11:20:46 [main] ERROR c.e.s.s.impl.SunForecastServiceImpl - Error fetching sun forecast for city: InvalidCity
com.example.sunrisesunsetforecast.exception.ExternalServiceException: No forecast data available for the specified location
	at com.example.sunrisesunsetforecast.service.impl.SunForecastServiceImpl.getSunForecast(SunForecastServiceImpl.java:57)
	at com.example.sunrisesunsetforecast.service.impl.SunForecastServiceImplTest.lambda$getSunForecast_ShouldThrowException_WhenResponseIsNull$1(SunForecastServiceImplTest.java:168)
	at org.junit.jupiter.api.AssertThrows.assertThrows(AssertThrows.java:53)
	at org.junit.jupiter.api.AssertThrows.assertThrows(AssertThrows.java:35)
	at org.junit.jupiter.api.Assertions.assertThrows(Assertions.java:3083)
	at com.example.sunrisesunsetforecast.service.impl.SunForecastServiceImplTest.getSunForecast_ShouldThrowException_WhenResponseIsNull(SunForecastServiceImplTest.java:167)
	at java.base/jdk.internal.reflect.NativeMethodAccessorImpl.invoke0(Native Method)
	at java.base/jdk.internal.reflect.NativeMethodAccessorImpl.invoke(NativeMethodAccessorImpl.java:77)
	at java.base/jdk.internal.reflect.DelegatingMethodAccessorImpl.invoke(DelegatingMethodAccessorImpl.java:43)
	at java.base/java.lang.reflect.Method.invoke(Method.java:568)
	at org.junit.platform.commons.util.ReflectionUtils.invokeMethod(ReflectionUtils.java:727)
	at org.junit.jupiter.engine.execution.MethodInvocation.proceed(MethodInvocation.java:60)
	at org.junit.jupiter.engine.execution.InvocationInterceptorChain$ValidatingInvocation.proceed(InvocationInterceptorChain.java:131)
	at org.junit.jupiter.engine.extension.TimeoutExtension.intercept(TimeoutExtension.java:156)
	at org.junit.jupiter.engine.extension.TimeoutExtension.interceptTestableMethod(TimeoutExtension.java:147)
	at org.junit.jupiter.engine.extension.TimeoutExtension.interceptTestMethod(TimeoutExtension.java:86)
	at org.junit.jupiter.engine.execution.InterceptingExecutableInvoker$ReflectiveInterceptorCall.lambda$ofVoidMethod$0(InterceptingExecutableInvoker.java:103)
	at org.junit.jupiter.engine.execution.InterceptingExecutableInvoker.lambda$invoke$0(InterceptingExecutableInvoker.java:93)
	at org.junit.jupiter.engine.execution.InvocationInterceptorChain$InterceptedInvocation.proceed(InvocationInterceptorChain.java:106)
	at org.junit.jupiter.engine.execution.InvocationInterceptorChain.proceed(InvocationInterceptorChain.java:64)
	at org.junit.jupiter.engine.execution.InvocationInterceptorChain.chainAndInvoke(InvocationInterceptorChain.java:45)
	at org.junit.jupiter.engine.execution.InvocationInterceptorChain.invoke(InvocationInterceptorChain.java:37)
	at org.junit.jupiter.engine.execution.InterceptingExecutableInvoker.invoke(InterceptingExecutableInvoker.java:92)
	at org.junit.jupiter.engine.execution.InterceptingExecutableInvoker.invoke(InterceptingExecutableInvoker.java:86)
	at org.junit.jupiter.engine.descriptor.TestMethodTestDescriptor.lambda$invokeTestMethod$7(TestMethodTestDescriptor.java:217)
	at org.junit.platform.engine.support.hierarchical.ThrowableCollector.execute(ThrowableCollector.java:73)
	at org.junit.jupiter.engine.descriptor.TestMethodTestDescriptor.invokeTestMethod(TestMethodTestDescriptor.java:213)
	at org.junit.jupiter.engine.descriptor.TestMethodTestDescriptor.execute(TestMethodTestDescriptor.java:138)
	at org.junit.jupiter.engine.descriptor.TestMethodTestDescriptor.execute(TestMethodTestDescriptor.java:68)
	at org.junit.platform.engine.support.hierarchical.NodeTestTask.lambda$executeRecursively$6(NodeTestTask.java:151)
	at org.junit.platform.engine.support.hierarchical.ThrowableCollector.execute(ThrowableCollector.java:73)
	at org.junit.platform.engine.support.hierarchical.NodeTestTask.lambda$executeRecursively$8(NodeTestTask.java:141)
	at org.junit.platform.engine.support.hierarchical.Node.around(Node.java:137)
	at org.junit.platform.engine.support.hierarchical.NodeTestTask.lambda$executeRecursively$9(NodeTestTask.java:139)
	at org.junit.platform.engine.support.hierarchical.ThrowableCollector.execute(ThrowableCollector.java:73)
	at org.junit.platform.engine.support.hierarchical.NodeTestTask.executeRecursively(NodeTestTask.java:138)
	at org.junit.platform.engine.support.hierarchical.NodeTestTask.execute(NodeTestTask.java:95)
	at java.base/java.util.ArrayList.forEach(ArrayList.java:1511)
	at org.junit.platform.engine.support.hierarchical.SameThreadHierarchicalTestExecutorService.invokeAll(SameThreadHierarchicalTestExecutorService.java:41)
	at org.junit.platform.engine.support.hierarchical.NodeTestTask.lambda$executeRecursively$6(NodeTestTask.java:155)
	at org.junit.platform.engine.support.hierarchical.ThrowableCollector.execute(ThrowableCollector.java:73)
	at org.junit.platform.engine.support.hierarchical.NodeTestTask.lambda$executeRecursively$8(NodeTestTask.java:141)
	at org.junit.platform.engine.support.hierarchical.Node.around(Node.java:137)
	at org.junit.platform.engine.support.hierarchical.NodeTestTask.lambda$executeRecursively$9(NodeTestTask.java:139)
	at org.junit.platform.engine.support.hierarchical.ThrowableCollector.execute(ThrowableCollector.java:73)
	at org.junit.platform.engine.support.hierarchical.NodeTestTask.executeRecursively(NodeTestTask.java:138)
	at org.junit.platform.engine.support.hierarchical.NodeTestTask.execute(NodeTestTask.java:95)
	at java.base/java.util.ArrayList.forEach(ArrayList.java:1511)
	at org.junit.platform.engine.support.hierarchical.SameThreadHierarchicalTestExecutorService.invokeAll(SameThreadHierarchicalTestExecutorService.java:41)
	at org.junit.platform.engine.support.hierarchical.NodeTestTask.lambda$executeRecursively$6(NodeTestTask.java:155)
	at org.junit.platform.engine.support.hierarchical.ThrowableCollector.execute(ThrowableCollector.java:73)
	at org.junit.platform.engine.support.hierarchical.NodeTestTask.lambda$executeRecursively$8(NodeTestTask.java:141)
	at org.junit.platform.engine.support.hierarchical.Node.around(Node.java:137)
	at org.junit.platform.engine.support.hierarchical.NodeTestTask.lambda$executeRecursively$9(NodeTestTask.java:139)
	at org.junit.platform.engine.support.hierarchical.ThrowableCollector.execute(ThrowableCollector.java:73)
	at org.junit.platform.engine.support.hierarchical.NodeTestTask.executeRecursively(NodeTestTask.java:138)
	at org.junit.platform.engine.support.hierarchical.NodeTestTask.execute(NodeTestTask.java:95)
	at org.junit.platform.engine.support.hierarchical.SameThreadHierarchicalTestExecutorService.submit(SameThreadHierarchicalTestExecutorService.java:35)
	at org.junit.platform.engine.support.hierarchical.HierarchicalTestExecutor.execute(HierarchicalTestExecutor.java:57)
	at org.junit.platform.engine.support.hierarchical.HierarchicalTestEngine.execute(HierarchicalTestEngine.java:54)
	at org.junit.platform.launcher.core.EngineExecutionOrchestrator.execute(EngineExecutionOrchestrator.java:147)
	at org.junit.platform.launcher.core.EngineExecutionOrchestrator.execute(EngineExecutionOrchestrator.java:127)
	at org.junit.platform.launcher.core.EngineExecutionOrchestrator.execute(EngineExecutionOrchestrator.java:90)
	at org.junit.platform.launcher.core.EngineExecutionOrchestrator.lambda$execute$0(EngineExecutionOrchestrator.java:55)
	at org.junit.platform.launcher.core.EngineExecutionOrchestrator.withInterceptedStreams(EngineExecutionOrchestrator.java:102)
	at org.junit.platform.launcher.core.EngineExecutionOrchestrator.execute(EngineExecutionOrchestrator.java:54)
	at org.junit.platform.launcher.core.DefaultLauncher.execute(DefaultLauncher.java:114)
	at org.junit.platform.launcher.core.DefaultLauncher.execute(DefaultLauncher.java:86)
	at org.junit.platform.launcher.core.DefaultLauncherSession$DelegatingLauncher.execute(DefaultLauncherSession.java:86)
	at org.apache.maven.surefire.junitplatform.LazyLauncher.execute(LazyLauncher.java:50)
	at org.apache.maven.surefire.junitplatform.JUnitPlatformProvider.execute(JUnitPlatformProvider.java:184)
	at org.apache.maven.surefire.junitplatform.JUnitPlatformProvider.invokeAllTests(JUnitPlatformProvider.java:148)
	at org.apache.maven.surefire.junitplatform.JUnitPlatformProvider.invoke(JUnitPlatformProvider.java:122)
	at org.apache.maven.surefire.booter.ForkedBooter.runSuitesInProcess(ForkedBooter.java:385)
	at org.apache.maven.surefire.booter.ForkedBooter.execute(ForkedBooter.java:162)
	at org.apache.maven.surefire.booter.ForkedBooter.run(ForkedBooter.java:507)
	at org.apache.maven.surefire.booter.ForkedBooter.main(ForkedBooter.java:495)
]]></system-out>
  </testcase>
  <testcase name="getSunForecast_ShouldReturnValidResponse_WhenCityIsValid" classname="com.example.sunrisesunsetforecast.service.impl.MakeDailyHelperTest" time="0.035">
    <system-out><![CDATA[2025-09-07 11:20:46 [main] INFO  c.e.s.s.impl.SunForecastServiceImpl - Fetching sun forecast for city: London
2025-09-07 11:20:46 [main] INFO  c.e.s.s.impl.SunForecastServiceImpl - 1. About to call OpenMeteoClient.getSunForecast for city: London
2025-09-07 11:20:46 [main] INFO  c.e.s.s.impl.SunForecastServiceImpl - 1.1. OpenMeteoClient class: com.example.sunrisesunsetforecast.client.OpenMeteoClient
2025-09-07 11:20:46 [main] INFO  c.e.s.s.impl.SunForecastServiceImpl - 1.2. Got coordinates for London: 51.5074,-0.1278
2025-09-07 11:20:46 [main] INFO  c.e.s.s.impl.SunForecastServiceImpl - 2. Received forecast object: not null
2025-09-07 11:20:46 [main] INFO  c.e.s.s.impl.SunForecastServiceImpl - 4. Forecast class: com.example.sunrisesunsetforecast.client.dto.OpenMeteoResponse
2025-09-07 11:20:46 [main] INFO  c.e.s.s.impl.SunForecastServiceImpl - 5. Forecast toString(): OpenMeteoResponse(latitude=51.5074, longitude=-0.1278, daily=OpenMeteoResponse.Daily(time=[2025-09-08], sunriseTimes=[2025-09-08T06:00], sunsetTimes=[2025-09-08T18:00], temperature2mMax=[25.0], weatherCode=[0]))
2025-09-07 11:20:46 [main] INFO  c.e.s.s.impl.SunForecastServiceImpl - 6. Forecast latitude: 51.5074, longitude: -0.1278
2025-09-07 11:20:46 [main] INFO  c.e.s.s.impl.SunForecastServiceImpl - 7. Daily object: not null
2025-09-07 11:20:46 [main] INFO  c.e.s.s.impl.SunForecastServiceImpl - 10. Daily object class: com.example.sunrisesunsetforecast.client.dto.OpenMeteoResponse$Daily
2025-09-07 11:20:46 [main] INFO  c.e.s.s.impl.SunForecastServiceImpl - 11. Daily object fields: [private java.util.List com.example.sunrisesunsetforecast.client.dto.OpenMeteoResponse$Daily.time, private java.util.List com.example.sunrisesunsetforecast.client.dto.OpenMeteoResponse$Daily.sunriseTimes, private java.util.List com.example.sunrisesunsetforecast.client.dto.OpenMeteoResponse$Daily.sunsetTimes, private java.util.List com.example.sunrisesunsetforecast.client.dto.OpenMeteoResponse$Daily.temperature2mMax, private java.util.List com.example.sunrisesunsetforecast.client.dto.OpenMeteoResponse$Daily.weatherCode]
2025-09-07 11:20:46 [main] INFO  c.e.s.s.impl.SunForecastServiceImpl - 12. Time list: [2025-09-08]
2025-09-07 11:20:46 [main] INFO  c.e.s.s.impl.SunForecastServiceImpl - 13. Sunrise times: [2025-09-08T06:00]
2025-09-07 11:20:46 [main] INFO  c.e.s.s.impl.SunForecastServiceImpl - 14. Sunset times: [2025-09-08T18:00]
2025-09-07 11:20:46 [main] INFO  c.e.s.s.impl.SunForecastServiceImpl - 15. Temperature max: [25.0]
2025-09-07 11:20:46 [main] INFO  c.e.s.s.impl.SunForecastServiceImpl - 16. Weather codes: [0]
]]></system-out>
  </testcase>
  <testcase name="makeDaily_ShouldCreateValidDailyObject" classname="com.example.sunrisesunsetforecast.service.impl.MakeDailyHelperTest" time="0.016"/>
</testsuite>