<?xml version="1.0" encoding="UTF-8"?>
<testsuite xmlns:xsi="http://www.w3.org/2001/XMLSchema-instance" xsi:noNamespaceSchemaLocation="https://maven.apache.org/surefire/maven-surefire-plugin/xsd/surefire-test-report-3.0.xsd" version="3.0" name="com.example.sunrisesunsetforecast.client.OpenMeteoClientTest" time="2.944" tests="1" errors="0" skipped="0" failures="0">
  <properties>
[...]
</properties>
  <testcase name="getSunForecast_ShouldReturnResponse_WhenCityIsValid" classname="com.example.sunrisesunsetforecast.client.OpenMeteoClientTest" time="2.879">
    <system-out><![CDATA[11:20:40.582 [main] INFO com.example.sunrisesunsetforecast.client.OpenMeteoClient -- Fetching coordinates for city: London
]]></system-out>
  </testcase>
</testsuite>